<?xml version="1.0" encoding="UTF-8"?>
<coverage generated="1642203144717" clover="3.2.0">
  <project timestamp="1642203144717" name="All files">
    <metrics statements="6" coveredstatements="3" conditionals="0" coveredconditionals="0" methods="5" coveredmethods="2" elements="11" coveredelements="5" complexity="0" loc="6" ncloc="6" packages="1" files="1" classes="1"/>
    <file name="in-memory-user-repository.ts" path="/home/leonardo/Desktop/projects/twd-clean-architecture-api/src/usecases/register-user-on-mailing-list/repository/in-memory-user-repository.ts">
      <metrics statements="6" coveredstatements="3" conditionals="0" coveredconditionals="0" methods="5" coveredmethods="2"/>
      <line num="4" count="1" type="stmt"/>
      <line num="8" count="1" type="stmt"/>
      <line num="12" count="0" type="stmt"/>
      <line num="16" count="1" type="stmt"/>
      <line num="20" count="0" type="stmt"/>
      <line num="24" count="0" type="stmt"/>
    </file>
  </project>
</coverage>
