TN:
SF:src/entities/email.ts
FN:7,(anonymous_0)
FN:11,(anonymous_1)
FN:19,(anonymous_2)
FN:44,(anonymous_3)
FNF:4
FNH:3
FNDA:0,(anonymous_0)
FNDA:1,(anonymous_1)
FNDA:14,(anonymous_2)
FNDA:3,(anonymous_3)
DA:1,2
DA:2,2
DA:4,2
DA:8,0
DA:12,1
DA:13,1
DA:16,0
DA:20,14
DA:21,2
DA:24,12
DA:25,1
DA:29,11
DA:30,11
DA:31,7
DA:34,4
DA:35,4
DA:36,1
DA:39,3
DA:40,1
DA:43,2
DA:44,2
DA:45,3
DA:47,1
DA:50,1
LF:24
LH:22
BRDA:12,0,0,1
BRDA:20,1,0,2
BRDA:24,2,0,1
BRDA:30,3,0,7
BRDA:35,4,0,1
BRDA:35,5,0,4
BRDA:35,5,1,3
BRDA:39,6,0,1
BRDA:39,7,0,3
BRDA:39,7,1,2
BRDA:44,8,0,1
BRF:11
BRH:11
end_of_record
TN:
SF:src/entities/user.ts
FN:8,(anonymous_0)
FNF:1
FNH:1
FNDA:1,(anonymous_0)
DA:2,1
DA:3,1
DA:4,1
DA:6,1
DA:9,1
DA:10,1
DA:11,1
LF:7
LH:7
BRDA:10,0,0,1
BRF:1
BRH:1
end_of_record
TN:
SF:src/entities/errors/invalid-email-error.ts
FNF:0
FNH:0
DA:1,2
LF:1
LH:1
BRF:0
BRH:0
end_of_record
TN:
SF:src/shared/either.ts
FN:4,(anonymous_0)
FN:8,(anonymous_1)
FN:12,(anonymous_2)
FN:20,(anonymous_3)
FN:24,(anonymous_4)
FN:28,(anonymous_5)
FN:37,(anonymous_6)
FN:41,(anonymous_7)
FNF:8
FNH:3
FNDA:3,(anonymous_0)
FNDA:1,(anonymous_1)
FNDA:0,(anonymous_2)
FNDA:0,(anonymous_3)
FNDA:0,(anonymous_4)
FNDA:0,(anonymous_5)
FNDA:3,(anonymous_6)
FNDA:0,(anonymous_7)
DA:1,2
DA:5,3
DA:9,1
DA:13,0
DA:17,2
DA:21,0
DA:25,0
DA:29,0
DA:37,2
DA:38,3
DA:41,2
DA:42,0
LF:12
LH:7
BRF:0
BRH:0
end_of_record
TN:
SF:src/shared/index.ts
FNF:0
FNH:0
DA:1,2
LF:1
LH:1
BRF:0
BRH:0
end_of_record
TN:
SF:src/usecases/register-user-on-mailing-list/repository/in-memory-user-repository.ts
FN:7,(anonymous_0)
FN:11,(anonymous_1)
FN:18,(anonymous_2)
FN:19,(anonymous_3)
FN:25,(anonymous_4)
FN:29,(anonymous_5)
FNF:6
FNH:6
FNDA:3,(anonymous_0)
FNDA:2,(anonymous_1)
FNDA:4,(anonymous_2)
FNDA:2,(anonymous_3)
FNDA:1,(anonymous_4)
FNDA:2,(anonymous_5)
DA:4,1
DA:8,3
DA:12,2
DA:13,2
DA:14,1
DA:19,4
DA:20,2
DA:22,4
DA:26,1
DA:30,2
DA:31,2
LF:11
LH:11
BRDA:13,0,0,1
BRDA:22,1,0,4
BRDA:22,1,1,2
BRF:3
BRH:3
end_of_record
